{"uuid":"0f2ab8d1-7ad3-46c0-a5a2-12088d2e204a","historyId":"a9e3727b9326c38c62c8dd85a1912e65","fullName":"src/test/resources/Features/ShoppingCart.feature:8","labels":[{"name":"tag","value":"ShoppingCartPage"},{"name":"tag","value":"PetsInStock"},{"name":"host","value":"DESKTOP-IUQH5KL"},{"name":"thread","value":"2808@DESKTOP-IUQH5KL.main(1)"},{"name":"feature","value":"JPetStore Shopping Cart"},{"name":"story","value":"Add product to cart, update quantity, and proceed to checkout if in stock"},{"name":"suite","value":"JPetStore Shopping Cart"},{"name":"testClass","value":"Add product to cart, update quantity, and proceed to checkout if in stock"},{"name":"framework","value":"cucumber4jvm"},{"name":"language","value":"java"},{"name":"gherkin_uri","value":"file:///E:/seleniumtestingtraining/capstone%20project/JpetStore/src/test/resources/Features/ShoppingCart.feature"},{"name":"package","value":"src.test.resources.Features.ShoppingCart_feature.JPetStore Shopping Cart"}],"links":[],"name":"Add product to cart, update quantity, and proceed to checkout if in stock","status":"broken","statusDetails":{"known":false,"muted":false,"flaky":false,"message":"stale element reference: stale element not found\n  (Session info: MicrosoftEdge=134.0.3124.72)\nFor documentation on this error, please visit: https://www.selenium.dev/documentation/webdriver/troubleshooting/errors#stale-element-reference-exception\nBuild info: version: '4.27.0', revision: 'd6e718d134'\nSystem info: os.name: 'Windows 10', os.arch: 'amd64', os.version: '10.0', java.version: '22.0.2'\nDriver info: org.openqa.selenium.edge.EdgeDriver\nCommand: [9dde93540264a89ba34c712e265fc02e, sendKeysToElement {id=f.CCFA2132BA2812C6936DABF5CD961CDC.d.0C25728FC7BE884921B75C359C78C4C4.e.192, value=[Ljava.lang.CharSequence;@66713605}]\nCapabilities {acceptInsecureCerts: false, browserName: MicrosoftEdge, browserVersion: 134.0.3124.72, fedcm:accounts: true, ms:edgeOptions: {debuggerAddress: localhost:51748}, msedge: {msedgedriverVersion: 134.0.3124.72 (c81e2c3854de..., userDataDir: C:\\Users\\lenovo\\AppData\\Loc...}, networkConnectionEnabled: false, pageLoadStrategy: normal, platformName: windows, proxy: Proxy(), se:cdp: ws://localhost:51748/devtoo..., se:cdpVersion: 134.0.3124.72, setWindowRect: true, strictFileInteractability: false, timeouts: {implicit: 0, pageLoad: 300000, script: 30000}, unhandledPromptBehavior: dismiss and notify, webauthn:extension:credBlob: true, webauthn:extension:largeBlob: true, webauthn:extension:minPinLength: true, webauthn:extension:prf: true, webauthn:virtualAuthenticators: true}\nElement: [[EdgeDriver: MicrosoftEdge on windows (9dde93540264a89ba34c712e265fc02e)] -> name: keyword]\nSession ID: 9dde93540264a89ba34c712e265fc02e","trace":"org.openqa.selenium.StaleElementReferenceException: stale element reference: stale element not found\n  (Session info: MicrosoftEdge=134.0.3124.72)\nFor documentation on this error, please visit: https://www.selenium.dev/documentation/webdriver/troubleshooting/errors#stale-element-reference-exception\nBuild info: version: '4.27.0', revision: 'd6e718d134'\nSystem info: os.name: 'Windows 10', os.arch: 'amd64', os.version: '10.0', java.version: '22.0.2'\nDriver info: org.openqa.selenium.edge.EdgeDriver\nCommand: [9dde93540264a89ba34c712e265fc02e, sendKeysToElement {id=f.CCFA2132BA2812C6936DABF5CD961CDC.d.0C25728FC7BE884921B75C359C78C4C4.e.192, value=[Ljava.lang.CharSequence;@66713605}]\nCapabilities {acceptInsecureCerts: false, browserName: MicrosoftEdge, browserVersion: 134.0.3124.72, fedcm:accounts: true, ms:edgeOptions: {debuggerAddress: localhost:51748}, msedge: {msedgedriverVersion: 134.0.3124.72 (c81e2c3854de..., userDataDir: C:\\Users\\lenovo\\AppData\\Loc...}, networkConnectionEnabled: false, pageLoadStrategy: normal, platformName: windows, proxy: Proxy(), se:cdp: ws://localhost:51748/devtoo..., se:cdpVersion: 134.0.3124.72, setWindowRect: true, strictFileInteractability: false, timeouts: {implicit: 0, pageLoad: 300000, script: 30000}, unhandledPromptBehavior: dismiss and notify, webauthn:extension:credBlob: true, webauthn:extension:largeBlob: true, webauthn:extension:minPinLength: true, webauthn:extension:prf: true, webauthn:virtualAuthenticators: true}\nElement: [[EdgeDriver: MicrosoftEdge on windows (9dde93540264a89ba34c712e265fc02e)] -> name: keyword]\nSession ID: 9dde93540264a89ba34c712e265fc02e\r\n\tat java.base/jdk.internal.reflect.DirectConstructorHandleAccessor.newInstance(DirectConstructorHandleAccessor.java:62)\r\n\tat java.base/java.lang.reflect.Constructor.newInstanceWithCaller(Constructor.java:502)\r\n\tat java.base/java.lang.reflect.Constructor.newInstance(Constructor.java:486)\r\n\tat org.openqa.selenium.remote.ErrorCodec.decode(ErrorCodec.java:167)\r\n\tat org.openqa.selenium.remote.codec.w3c.W3CHttpResponseCodec.decode(W3CHttpResponseCodec.java:138)\r\n\tat org.openqa.selenium.remote.codec.w3c.W3CHttpResponseCodec.decode(W3CHttpResponseCodec.java:50)\r\n\tat org.openqa.selenium.remote.HttpCommandExecutor.execute(HttpCommandExecutor.java:190)\r\n\tat org.openqa.selenium.remote.service.DriverCommandExecutor.invokeExecute(DriverCommandExecutor.java:216)\r\n\tat org.openqa.selenium.remote.service.DriverCommandExecutor.execute(DriverCommandExecutor.java:174)\r\n\tat org.openqa.selenium.remote.RemoteWebDriver.execute(RemoteWebDriver.java:545)\r\n\tat org.openqa.selenium.remote.RemoteWebElement.execute(RemoteWebElement.java:223)\r\n\tat org.openqa.selenium.remote.RemoteWebElement.sendKeys(RemoteWebElement.java:110)\r\n\tat java.base/jdk.internal.reflect.DirectMethodHandleAccessor.invoke(DirectMethodHandleAccessor.java:103)\r\n\tat java.base/java.lang.reflect.Method.invoke(Method.java:580)\r\n\tat org.openqa.selenium.support.pagefactory.internal.LocatingElementHandler.invoke(LocatingElementHandler.java:51)\r\n\tat jdk.proxy2/jdk.proxy2.$Proxy26.sendKeys(Unknown Source)\r\n\tat com.jpetstore.basepage.BasePage.enterText(BasePage.java:27)\r\n\tat com.jpetstore.pages.ShoppingCartPage.searchForPet(ShoppingCartPage.java:43)\r\n\tat com.jpetstore.stepdefinitions.ShoppingCartSteps.user_searches_for_the_pet_and_clicks_on_product_id(ShoppingCartSteps.java:31)\r\n\tat ✽.User searches for the pet \"Goldfish\" and clicks on product ID \"FI-FW-02\"(file:///E:/seleniumtestingtraining/capstone%20project/JpetStore/src/test/resources/Features/ShoppingCart.feature:9)\r\n"},"stage":"finished","steps":[{"name":"Given  User login to JPetStore with username \"Tharun_06\" and password \"run@1234\"","status":"passed","statusDetails":{"known":false,"muted":false,"flaky":false},"stage":"finished","steps":[],"attachments":[],"parameters":[],"start":1742270970420,"stop":1742270971984},{"name":"When  User searches for the pet \"Goldfish\" and clicks on product ID \"FI-FW-02\"","status":"broken","statusDetails":{"known":false,"muted":false,"flaky":false,"message":"stale element reference: stale element not found\n  (Session info: MicrosoftEdge=134.0.3124.72)\nFor documentation on this error, please visit: https://www.selenium.dev/documentation/webdriver/troubleshooting/errors#stale-element-reference-exception\nBuild info: version: '4.27.0', revision: 'd6e718d134'\nSystem info: os.name: 'Windows 10', os.arch: 'amd64', os.version: '10.0', java.version: '22.0.2'\nDriver info: org.openqa.selenium.edge.EdgeDriver\nCommand: [9dde93540264a89ba34c712e265fc02e, sendKeysToElement {id=f.CCFA2132BA2812C6936DABF5CD961CDC.d.0C25728FC7BE884921B75C359C78C4C4.e.192, value=[Ljava.lang.CharSequence;@66713605}]\nCapabilities {acceptInsecureCerts: false, browserName: MicrosoftEdge, browserVersion: 134.0.3124.72, fedcm:accounts: true, ms:edgeOptions: {debuggerAddress: localhost:51748}, msedge: {msedgedriverVersion: 134.0.3124.72 (c81e2c3854de..., userDataDir: C:\\Users\\lenovo\\AppData\\Loc...}, networkConnectionEnabled: false, pageLoadStrategy: normal, platformName: windows, proxy: Proxy(), se:cdp: ws://localhost:51748/devtoo..., se:cdpVersion: 134.0.3124.72, setWindowRect: true, strictFileInteractability: false, timeouts: {implicit: 0, pageLoad: 300000, script: 30000}, unhandledPromptBehavior: dismiss and notify, webauthn:extension:credBlob: true, webauthn:extension:largeBlob: true, webauthn:extension:minPinLength: true, webauthn:extension:prf: true, webauthn:virtualAuthenticators: true}\nElement: [[EdgeDriver: MicrosoftEdge on windows (9dde93540264a89ba34c712e265fc02e)] -> name: keyword]\nSession ID: 9dde93540264a89ba34c712e265fc02e","trace":"org.openqa.selenium.StaleElementReferenceException: stale element reference: stale element not found\n  (Session info: MicrosoftEdge=134.0.3124.72)\nFor documentation on this error, please visit: https://www.selenium.dev/documentation/webdriver/troubleshooting/errors#stale-element-reference-exception\nBuild info: version: '4.27.0', revision: 'd6e718d134'\nSystem info: os.name: 'Windows 10', os.arch: 'amd64', os.version: '10.0', java.version: '22.0.2'\nDriver info: org.openqa.selenium.edge.EdgeDriver\nCommand: [9dde93540264a89ba34c712e265fc02e, sendKeysToElement {id=f.CCFA2132BA2812C6936DABF5CD961CDC.d.0C25728FC7BE884921B75C359C78C4C4.e.192, value=[Ljava.lang.CharSequence;@66713605}]\nCapabilities {acceptInsecureCerts: false, browserName: MicrosoftEdge, browserVersion: 134.0.3124.72, fedcm:accounts: true, ms:edgeOptions: {debuggerAddress: localhost:51748}, msedge: {msedgedriverVersion: 134.0.3124.72 (c81e2c3854de..., userDataDir: C:\\Users\\lenovo\\AppData\\Loc...}, networkConnectionEnabled: false, pageLoadStrategy: normal, platformName: windows, proxy: Proxy(), se:cdp: ws://localhost:51748/devtoo..., se:cdpVersion: 134.0.3124.72, setWindowRect: true, strictFileInteractability: false, timeouts: {implicit: 0, pageLoad: 300000, script: 30000}, unhandledPromptBehavior: dismiss and notify, webauthn:extension:credBlob: true, webauthn:extension:largeBlob: true, webauthn:extension:minPinLength: true, webauthn:extension:prf: true, webauthn:virtualAuthenticators: true}\nElement: [[EdgeDriver: MicrosoftEdge on windows (9dde93540264a89ba34c712e265fc02e)] -> name: keyword]\nSession ID: 9dde93540264a89ba34c712e265fc02e\r\n\tat java.base/jdk.internal.reflect.DirectConstructorHandleAccessor.newInstance(DirectConstructorHandleAccessor.java:62)\r\n\tat java.base/java.lang.reflect.Constructor.newInstanceWithCaller(Constructor.java:502)\r\n\tat java.base/java.lang.reflect.Constructor.newInstance(Constructor.java:486)\r\n\tat org.openqa.selenium.remote.ErrorCodec.decode(ErrorCodec.java:167)\r\n\tat org.openqa.selenium.remote.codec.w3c.W3CHttpResponseCodec.decode(W3CHttpResponseCodec.java:138)\r\n\tat org.openqa.selenium.remote.codec.w3c.W3CHttpResponseCodec.decode(W3CHttpResponseCodec.java:50)\r\n\tat org.openqa.selenium.remote.HttpCommandExecutor.execute(HttpCommandExecutor.java:190)\r\n\tat org.openqa.selenium.remote.service.DriverCommandExecutor.invokeExecute(DriverCommandExecutor.java:216)\r\n\tat org.openqa.selenium.remote.service.DriverCommandExecutor.execute(DriverCommandExecutor.java:174)\r\n\tat org.openqa.selenium.remote.RemoteWebDriver.execute(RemoteWebDriver.java:545)\r\n\tat org.openqa.selenium.remote.RemoteWebElement.execute(RemoteWebElement.java:223)\r\n\tat org.openqa.selenium.remote.RemoteWebElement.sendKeys(RemoteWebElement.java:110)\r\n\tat java.base/jdk.internal.reflect.DirectMethodHandleAccessor.invoke(DirectMethodHandleAccessor.java:103)\r\n\tat java.base/java.lang.reflect.Method.invoke(Method.java:580)\r\n\tat org.openqa.selenium.support.pagefactory.internal.LocatingElementHandler.invoke(LocatingElementHandler.java:51)\r\n\tat jdk.proxy2/jdk.proxy2.$Proxy26.sendKeys(Unknown Source)\r\n\tat com.jpetstore.basepage.BasePage.enterText(BasePage.java:27)\r\n\tat com.jpetstore.pages.ShoppingCartPage.searchForPet(ShoppingCartPage.java:43)\r\n\tat com.jpetstore.stepdefinitions.ShoppingCartSteps.user_searches_for_the_pet_and_clicks_on_product_id(ShoppingCartSteps.java:31)\r\n\tat ✽.User searches for the pet \"Goldfish\" and clicks on product ID \"FI-FW-02\"(file:///E:/seleniumtestingtraining/capstone%20project/JpetStore/src/test/resources/Features/ShoppingCart.feature:9)\r\n"},"stage":"finished","steps":[],"attachments":[],"parameters":[],"start":1742270971985,"stop":1742270972615},{"name":"And  User clicks on item ID \"EST-20\"","status":"skipped","statusDetails":{"known":false,"muted":false,"flaky":false},"stage":"finished","steps":[],"attachments":[],"parameters":[],"start":1742270972615,"stop":1742270972615},{"name":"And  User adds the product to the cart with quantity","status":"skipped","statusDetails":{"known":false,"muted":false,"flaky":false},"stage":"finished","steps":[],"attachments":[],"parameters":[],"start":1742270972615,"stop":1742270972615},{"name":"And  User checks if the product is in stock","status":"skipped","statusDetails":{"known":false,"muted":false,"flaky":false},"stage":"finished","steps":[],"attachments":[],"parameters":[],"start":1742270972616,"stop":1742270972616},{"name":"And  If product is available, User updates the quantity to \"3\" and clicks update cart","status":"skipped","statusDetails":{"known":false,"muted":false,"flaky":false},"stage":"finished","steps":[],"attachments":[],"parameters":[],"start":1742270972616,"stop":1742270972616},{"name":"Then  User proceeds to checkout","status":"skipped","statusDetails":{"known":false,"muted":false,"flaky":false},"stage":"finished","steps":[],"attachments":[],"parameters":[],"start":1742270972616,"stop":1742270972616}],"attachments":[],"parameters":[],"start":1742270965761,"stop":1742270972962}