<?xml version="1.0" encoding="UTF-8"?>
<testng-results ignored="0" total="11" passed="11" failed="0" skipped="0">
  <reporter-output>
  </reporter-output>
  <suite started-at="2025-03-18T10:18:09 IST" name="Suite" finished-at="2025-03-18T10:22:06 IST" duration-ms="237313">
    <groups>
      <group name="cucumber">
        <method signature="AbstractTestNGCucumberTests.runScenario(io.cucumber.testng.PickleWrapper,io.cucumber.testng.FeatureWrapper)[pri:0, instance:com.jpetstore.runners.TestNGRunner@2c1156a7]" name="runScenario" class="io.cucumber.testng.AbstractTestNGCucumberTests"/>
      </group> <!-- cucumber -->
    </groups>
    <test started-at="2025-03-18T10:18:09 IST" name="Test" finished-at="2025-03-18T10:22:06 IST" duration-ms="237313">
      <class name="com.jpetstore.runners.TestNGRunner">
        <test-method is-config="true" signature="setUp(java.lang.String,java.lang.String)[pri:0, instance:com.jpetstore.runners.TestNGRunner@2c1156a7]" started-at="2025-03-18T10:18:09 IST" name="setUp" finished-at="2025-03-18T10:18:09 IST" duration-ms="29" status="PASS">
          <params>
            <param index="0">
              <value>
                <![CDATA[edge]]>
              </value>
            </param>
            <param index="1">
              <value>
                <![CDATA[https://petstore.octoperf.com/]]>
              </value>
            </param>
          </params>
          <reporter-output>
          </reporter-output>
        </test-method> <!-- setUp -->
        <test-method is-config="true" signature="setUpClass(org.testng.ITestContext)[pri:0, instance:com.jpetstore.runners.TestNGRunner@2c1156a7]" started-at="2025-03-18T10:18:09 IST" name="setUpClass" finished-at="2025-03-18T10:18:10 IST" duration-ms="390" status="PASS">
          <params>
            <param index="0">
              <value>
                <![CDATA[org.testng.TestRunner@4b476233]]>
              </value>
            </param>
          </params>
          <reporter-output>
          </reporter-output>
        </test-method> <!-- setUpClass -->
        <test-method signature="runScenario(io.cucumber.testng.PickleWrapper,io.cucumber.testng.FeatureWrapper)[pri:0, instance:com.jpetstore.runners.TestNGRunner@2c1156a7]" started-at="2025-03-18T10:18:10 IST" name="runScenario" description="Runs Cucumber Scenarios" data-provider="scenarios" finished-at="2025-03-18T10:18:28 IST" duration-ms="18961" status="PASS">
          <params>
            <param index="0">
              <value>
                <![CDATA["Verify the page URL and title"]]>
              </value>
            </param>
            <param index="1">
              <value>
                <![CDATA["JPetStore Home Page"]]>
              </value>
            </param>
          </params>
          <reporter-output>
          </reporter-output>
        </test-method> <!-- runScenario -->
        <test-method signature="runScenario(io.cucumber.testng.PickleWrapper,io.cucumber.testng.FeatureWrapper)[pri:0, instance:com.jpetstore.runners.TestNGRunner@2c1156a7]" started-at="2025-03-18T10:18:28 IST" name="runScenario" description="Runs Cucumber Scenarios" data-provider="scenarios" finished-at="2025-03-18T10:18:47 IST" duration-ms="18915" status="PASS">
          <params>
            <param index="0">
              <value>
                <![CDATA["Login with valid credentials"]]>
              </value>
            </param>
            <param index="1">
              <value>
                <![CDATA["JPetStore Login Feature"]]>
              </value>
            </param>
          </params>
          <reporter-output>
          </reporter-output>
        </test-method> <!-- runScenario -->
        <test-method signature="runScenario(io.cucumber.testng.PickleWrapper,io.cucumber.testng.FeatureWrapper)[pri:0, instance:com.jpetstore.runners.TestNGRunner@2c1156a7]" started-at="2025-03-18T10:18:47 IST" name="runScenario" description="Runs Cucumber Scenarios" data-provider="scenarios" finished-at="2025-03-18T10:19:09 IST" duration-ms="21239" status="PASS">
          <params>
            <param index="0">
              <value>
                <![CDATA["Login with invalid credentials"]]>
              </value>
            </param>
            <param index="1">
              <value>
                <![CDATA["JPetStore Login Feature"]]>
              </value>
            </param>
          </params>
          <reporter-output>
          </reporter-output>
        </test-method> <!-- runScenario -->
        <test-method signature="runScenario(io.cucumber.testng.PickleWrapper,io.cucumber.testng.FeatureWrapper)[pri:0, instance:com.jpetstore.runners.TestNGRunner@2c1156a7]" started-at="2025-03-18T10:19:09 IST" name="runScenario" description="Runs Cucumber Scenarios" data-provider="scenarios" finished-at="2025-03-18T10:19:31 IST" duration-ms="22401" status="PASS">
          <params>
            <param index="0">
              <value>
                <![CDATA["Validate and Add Product to Cart"]]>
              </value>
            </param>
            <param index="1">
              <value>
                <![CDATA["JPetStore Product Details"]]>
              </value>
            </param>
          </params>
          <reporter-output>
          </reporter-output>
        </test-method> <!-- runScenario -->
        <test-method signature="runScenario(io.cucumber.testng.PickleWrapper,io.cucumber.testng.FeatureWrapper)[pri:0, instance:com.jpetstore.runners.TestNGRunner@2c1156a7]" started-at="2025-03-18T10:19:31 IST" name="runScenario" description="Runs Cucumber Scenarios" data-provider="scenarios" finished-at="2025-03-18T10:19:53 IST" duration-ms="21941" status="PASS">
          <params>
            <param index="0">
              <value>
                <![CDATA["Validate and Add Product to Cart"]]>
              </value>
            </param>
            <param index="1">
              <value>
                <![CDATA["JPetStore Product Details"]]>
              </value>
            </param>
          </params>
          <reporter-output>
          </reporter-output>
        </test-method> <!-- runScenario -->
        <test-method signature="runScenario(io.cucumber.testng.PickleWrapper,io.cucumber.testng.FeatureWrapper)[pri:0, instance:com.jpetstore.runners.TestNGRunner@2c1156a7]" started-at="2025-03-18T10:19:53 IST" name="runScenario" description="Runs Cucumber Scenarios" data-provider="scenarios" finished-at="2025-03-18T10:20:16 IST" duration-ms="22943" status="PASS">
          <params>
            <param index="0">
              <value>
                <![CDATA["Register a new user and save personal information"]]>
              </value>
            </param>
            <param index="1">
              <value>
                <![CDATA["JPetStore User Registration"]]>
              </value>
            </param>
          </params>
          <reporter-output>
          </reporter-output>
        </test-method> <!-- runScenario -->
        <test-method signature="runScenario(io.cucumber.testng.PickleWrapper,io.cucumber.testng.FeatureWrapper)[pri:0, instance:com.jpetstore.runners.TestNGRunner@2c1156a7]" started-at="2025-03-18T10:20:16 IST" name="runScenario" description="Runs Cucumber Scenarios" data-provider="scenarios" finished-at="2025-03-18T10:20:39 IST" duration-ms="23084" status="PASS">
          <params>
            <param index="0">
              <value>
                <![CDATA["Search for pets and view product details"]]>
              </value>
            </param>
            <param index="1">
              <value>
                <![CDATA["JPetStore Search Functionality"]]>
              </value>
            </param>
          </params>
          <reporter-output>
          </reporter-output>
        </test-method> <!-- runScenario -->
        <test-method signature="runScenario(io.cucumber.testng.PickleWrapper,io.cucumber.testng.FeatureWrapper)[pri:0, instance:com.jpetstore.runners.TestNGRunner@2c1156a7]" started-at="2025-03-18T10:20:39 IST" name="runScenario" description="Runs Cucumber Scenarios" data-provider="scenarios" finished-at="2025-03-18T10:20:57 IST" duration-ms="17837" status="PASS">
          <params>
            <param index="0">
              <value>
                <![CDATA["Search for pets and view product details"]]>
              </value>
            </param>
            <param index="1">
              <value>
                <![CDATA["JPetStore Search Functionality"]]>
              </value>
            </param>
          </params>
          <reporter-output>
          </reporter-output>
        </test-method> <!-- runScenario -->
        <test-method signature="runScenario(io.cucumber.testng.PickleWrapper,io.cucumber.testng.FeatureWrapper)[pri:0, instance:com.jpetstore.runners.TestNGRunner@2c1156a7]" started-at="2025-03-18T10:20:57 IST" name="runScenario" description="Runs Cucumber Scenarios" data-provider="scenarios" finished-at="2025-03-18T10:21:23 IST" duration-ms="25892" status="PASS">
          <params>
            <param index="0">
              <value>
                <![CDATA["Search for a pet that is not available"]]>
              </value>
            </param>
            <param index="1">
              <value>
                <![CDATA["JPetStore Search Functionality"]]>
              </value>
            </param>
          </params>
          <reporter-output>
          </reporter-output>
        </test-method> <!-- runScenario -->
        <test-method signature="runScenario(io.cucumber.testng.PickleWrapper,io.cucumber.testng.FeatureWrapper)[pri:0, instance:com.jpetstore.runners.TestNGRunner@2c1156a7]" started-at="2025-03-18T10:21:23 IST" name="runScenario" description="Runs Cucumber Scenarios" data-provider="scenarios" finished-at="2025-03-18T10:21:47 IST" duration-ms="24628" status="PASS">
          <params>
            <param index="0">
              <value>
                <![CDATA["Add product to cart, update quantity, and proceed to checkout if in stock"]]>
              </value>
            </param>
            <param index="1">
              <value>
                <![CDATA["JPetStore Shopping Cart"]]>
              </value>
            </param>
          </params>
          <reporter-output>
          </reporter-output>
        </test-method> <!-- runScenario -->
        <test-method signature="runScenario(io.cucumber.testng.PickleWrapper,io.cucumber.testng.FeatureWrapper)[pri:0, instance:com.jpetstore.runners.TestNGRunner@2c1156a7]" started-at="2025-03-18T10:21:47 IST" name="runScenario" description="Runs Cucumber Scenarios" data-provider="scenarios" finished-at="2025-03-18T10:22:06 IST" duration-ms="18699" status="PASS">
          <params>
            <param index="0">
              <value>
                <![CDATA["Add product to cart and remove if out of stock"]]>
              </value>
            </param>
            <param index="1">
              <value>
                <![CDATA["JPetStore Shopping Cart"]]>
              </value>
            </param>
          </params>
          <reporter-output>
          </reporter-output>
        </test-method> <!-- runScenario -->
        <test-method is-config="true" signature="tearDownClass()[pri:0, instance:com.jpetstore.runners.TestNGRunner@2c1156a7]" started-at="2025-03-18T10:22:06 IST" name="tearDownClass" finished-at="2025-03-18T10:22:06 IST" duration-ms="60" status="PASS">
          <reporter-output>
          </reporter-output>
        </test-method> <!-- tearDownClass -->
      </class> <!-- com.jpetstore.runners.TestNGRunner -->
    </test> <!-- Test -->
  </suite> <!-- Suite -->
</testng-results>
