<?xml version="1.0" encoding="UTF-8"?>
<testng-results ignored="0" total="11" passed="11" failed="0" skipped="0">
  <reporter-output>
  </reporter-output>
  <suite started-at="2025-03-19T12:52:45 IST" name="Suite" finished-at="2025-03-19T12:55:59 IST" duration-ms="194131">
    <groups>
      <group name="cucumber">
        <method signature="AbstractTestNGCucumberTests.runScenario(io.cucumber.testng.PickleWrapper,io.cucumber.testng.FeatureWrapper)[pri:0, instance:com.jpetstore.runners.TestNGRunner@2c1156a7]" name="runScenario" class="io.cucumber.testng.AbstractTestNGCucumberTests"/>
      </group> <!-- cucumber -->
    </groups>
    <test started-at="2025-03-19T12:52:45 IST" name="Test" finished-at="2025-03-19T12:55:59 IST" duration-ms="194131">
      <class name="com.jpetstore.runners.TestNGRunner">
        <test-method is-config="true" signature="setUp(java.lang.String,java.lang.String)[pri:0, instance:com.jpetstore.runners.TestNGRunner@2c1156a7]" started-at="2025-03-19T12:52:45 IST" name="setUp" finished-at="2025-03-19T12:52:45 IST" duration-ms="57" status="PASS">
          <params>
            <param index="0">
              <value>
                <![CDATA[edge]]>
              </value>
            </param>
            <param index="1">
              <value>
                <![CDATA[https://petstore.octoperf.com/]]>
              </value>
            </param>
          </params>
          <reporter-output>
          </reporter-output>
        </test-method> <!-- setUp -->
        <test-method is-config="true" signature="setUpClass(org.testng.ITestContext)[pri:0, instance:com.jpetstore.runners.TestNGRunner@2c1156a7]" started-at="2025-03-19T12:52:45 IST" name="setUpClass" finished-at="2025-03-19T12:52:46 IST" duration-ms="859" status="PASS">
          <params>
            <param index="0">
              <value>
                <![CDATA[org.testng.TestRunner@2c2e3460]]>
              </value>
            </param>
          </params>
          <reporter-output>
          </reporter-output>
        </test-method> <!-- setUpClass -->
        <test-method signature="runScenario(io.cucumber.testng.PickleWrapper,io.cucumber.testng.FeatureWrapper)[pri:0, instance:com.jpetstore.runners.TestNGRunner@2c1156a7]" started-at="2025-03-19T12:52:46 IST" name="runScenario" description="Runs Cucumber Scenarios" data-provider="scenarios" finished-at="2025-03-19T12:53:04 IST" duration-ms="18373" status="PASS">
          <params>
            <param index="0">
              <value>
                <![CDATA["Verify the page URL and title"]]>
              </value>
            </param>
            <param index="1">
              <value>
                <![CDATA["JPetStore Home Page"]]>
              </value>
            </param>
          </params>
          <reporter-output>
          </reporter-output>
        </test-method> <!-- runScenario -->
        <test-method signature="runScenario(io.cucumber.testng.PickleWrapper,io.cucumber.testng.FeatureWrapper)[pri:0, instance:com.jpetstore.runners.TestNGRunner@2c1156a7]" started-at="2025-03-19T12:53:04 IST" name="runScenario" description="Runs Cucumber Scenarios" data-provider="scenarios" finished-at="2025-03-19T12:53:23 IST" duration-ms="18731" status="PASS">
          <params>
            <param index="0">
              <value>
                <![CDATA["Login with valid credentials"]]>
              </value>
            </param>
            <param index="1">
              <value>
                <![CDATA["JPetStore Login Feature"]]>
              </value>
            </param>
          </params>
          <reporter-output>
          </reporter-output>
        </test-method> <!-- runScenario -->
        <test-method signature="runScenario(io.cucumber.testng.PickleWrapper,io.cucumber.testng.FeatureWrapper)[pri:0, instance:com.jpetstore.runners.TestNGRunner@2c1156a7]" started-at="2025-03-19T12:53:23 IST" name="runScenario" description="Runs Cucumber Scenarios" data-provider="scenarios" finished-at="2025-03-19T12:53:40 IST" duration-ms="17246" status="PASS">
          <params>
            <param index="0">
              <value>
                <![CDATA["Login with invalid credentials"]]>
              </value>
            </param>
            <param index="1">
              <value>
                <![CDATA["JPetStore Login Feature"]]>
              </value>
            </param>
          </params>
          <reporter-output>
          </reporter-output>
        </test-method> <!-- runScenario -->
        <test-method signature="runScenario(io.cucumber.testng.PickleWrapper,io.cucumber.testng.FeatureWrapper)[pri:0, instance:com.jpetstore.runners.TestNGRunner@2c1156a7]" started-at="2025-03-19T12:53:40 IST" name="runScenario" description="Runs Cucumber Scenarios" data-provider="scenarios" finished-at="2025-03-19T12:53:58 IST" duration-ms="17336" status="PASS">
          <params>
            <param index="0">
              <value>
                <![CDATA["Validate and Add Product to Cart"]]>
              </value>
            </param>
            <param index="1">
              <value>
                <![CDATA["JPetStore Product Details"]]>
              </value>
            </param>
          </params>
          <reporter-output>
          </reporter-output>
        </test-method> <!-- runScenario -->
        <test-method signature="runScenario(io.cucumber.testng.PickleWrapper,io.cucumber.testng.FeatureWrapper)[pri:0, instance:com.jpetstore.runners.TestNGRunner@2c1156a7]" started-at="2025-03-19T12:53:58 IST" name="runScenario" description="Runs Cucumber Scenarios" data-provider="scenarios" finished-at="2025-03-19T12:54:18 IST" duration-ms="20087" status="PASS">
          <params>
            <param index="0">
              <value>
                <![CDATA["Validate and Add Product to Cart"]]>
              </value>
            </param>
            <param index="1">
              <value>
                <![CDATA["JPetStore Product Details"]]>
              </value>
            </param>
          </params>
          <reporter-output>
          </reporter-output>
        </test-method> <!-- runScenario -->
        <test-method signature="runScenario(io.cucumber.testng.PickleWrapper,io.cucumber.testng.FeatureWrapper)[pri:0, instance:com.jpetstore.runners.TestNGRunner@2c1156a7]" started-at="2025-03-19T12:54:18 IST" name="runScenario" description="Runs Cucumber Scenarios" data-provider="scenarios" finished-at="2025-03-19T12:54:37 IST" duration-ms="19171" status="PASS">
          <params>
            <param index="0">
              <value>
                <![CDATA["Register a new user and save personal information"]]>
              </value>
            </param>
            <param index="1">
              <value>
                <![CDATA["JPetStore User Registration"]]>
              </value>
            </param>
          </params>
          <reporter-output>
          </reporter-output>
        </test-method> <!-- runScenario -->
        <test-method signature="runScenario(io.cucumber.testng.PickleWrapper,io.cucumber.testng.FeatureWrapper)[pri:0, instance:com.jpetstore.runners.TestNGRunner@2c1156a7]" started-at="2025-03-19T12:54:37 IST" name="runScenario" description="Runs Cucumber Scenarios" data-provider="scenarios" finished-at="2025-03-19T12:54:54 IST" duration-ms="16995" status="PASS">
          <params>
            <param index="0">
              <value>
                <![CDATA["Search for pets and view product details"]]>
              </value>
            </param>
            <param index="1">
              <value>
                <![CDATA["JPetStore Search Functionality"]]>
              </value>
            </param>
          </params>
          <reporter-output>
          </reporter-output>
        </test-method> <!-- runScenario -->
        <test-method signature="runScenario(io.cucumber.testng.PickleWrapper,io.cucumber.testng.FeatureWrapper)[pri:0, instance:com.jpetstore.runners.TestNGRunner@2c1156a7]" started-at="2025-03-19T12:54:54 IST" name="runScenario" description="Runs Cucumber Scenarios" data-provider="scenarios" finished-at="2025-03-19T12:55:09 IST" duration-ms="15096" status="PASS">
          <params>
            <param index="0">
              <value>
                <![CDATA["Search for pets and view product details"]]>
              </value>
            </param>
            <param index="1">
              <value>
                <![CDATA["JPetStore Search Functionality"]]>
              </value>
            </param>
          </params>
          <reporter-output>
          </reporter-output>
        </test-method> <!-- runScenario -->
        <test-method signature="runScenario(io.cucumber.testng.PickleWrapper,io.cucumber.testng.FeatureWrapper)[pri:0, instance:com.jpetstore.runners.TestNGRunner@2c1156a7]" started-at="2025-03-19T12:55:09 IST" name="runScenario" description="Runs Cucumber Scenarios" data-provider="scenarios" finished-at="2025-03-19T12:55:24 IST" duration-ms="14929" status="PASS">
          <params>
            <param index="0">
              <value>
                <![CDATA["Search for a pet that is not available"]]>
              </value>
            </param>
            <param index="1">
              <value>
                <![CDATA["JPetStore Search Functionality"]]>
              </value>
            </param>
          </params>
          <reporter-output>
          </reporter-output>
        </test-method> <!-- runScenario -->
        <test-method signature="runScenario(io.cucumber.testng.PickleWrapper,io.cucumber.testng.FeatureWrapper)[pri:0, instance:com.jpetstore.runners.TestNGRunner@2c1156a7]" started-at="2025-03-19T12:55:24 IST" name="runScenario" description="Runs Cucumber Scenarios" data-provider="scenarios" finished-at="2025-03-19T12:55:42 IST" duration-ms="18218" status="PASS">
          <params>
            <param index="0">
              <value>
                <![CDATA["Add product to cart, update quantity, and proceed to checkout if in stock"]]>
              </value>
            </param>
            <param index="1">
              <value>
                <![CDATA["JPetStore Shopping Cart"]]>
              </value>
            </param>
          </params>
          <reporter-output>
          </reporter-output>
        </test-method> <!-- runScenario -->
        <test-method signature="runScenario(io.cucumber.testng.PickleWrapper,io.cucumber.testng.FeatureWrapper)[pri:0, instance:com.jpetstore.runners.TestNGRunner@2c1156a7]" started-at="2025-03-19T12:55:42 IST" name="runScenario" description="Runs Cucumber Scenarios" data-provider="scenarios" finished-at="2025-03-19T12:55:59 IST" duration-ms="16666" status="PASS">
          <params>
            <param index="0">
              <value>
                <![CDATA["Add product to cart and remove if out of stock"]]>
              </value>
            </param>
            <param index="1">
              <value>
                <![CDATA["JPetStore Shopping Cart"]]>
              </value>
            </param>
          </params>
          <reporter-output>
          </reporter-output>
        </test-method> <!-- runScenario -->
        <test-method is-config="true" signature="tearDownClass()[pri:0, instance:com.jpetstore.runners.TestNGRunner@2c1156a7]" started-at="2025-03-19T12:55:59 IST" name="tearDownClass" finished-at="2025-03-19T12:55:59 IST" duration-ms="34" status="PASS">
          <reporter-output>
          </reporter-output>
        </test-method> <!-- tearDownClass -->
      </class> <!-- com.jpetstore.runners.TestNGRunner -->
    </test> <!-- Test -->
  </suite> <!-- Suite -->
</testng-results>
